  main.cpp
e:\c++\获取所有磁盘的所有文件\获取所有磁盘的所有文件\main.cpp(17): warning C4018: “<”: 有符号/无符号不匹配
e:\c++\获取所有磁盘的所有文件\获取所有磁盘的所有文件\main.cpp(27): warning C4018: “<”: 有符号/无符号不匹配
e:\c++\获取所有磁盘的所有文件\获取所有磁盘的所有文件\main.cpp(37): error C2664: “DWORD GetLogicalDriveStringsW(DWORD,LPWSTR)”: 无法将参数 2 从“char *”转换为“LPWSTR”
  e:\c++\获取所有磁盘的所有文件\获取所有磁盘的所有文件\main.cpp(37): note: 与指向的类型无关；转换要求 reinterpret_cast、C 样式转换或函数样式转换
e:\c++\获取所有磁盘的所有文件\获取所有磁盘的所有文件\main.cpp(59): error C2664: “DWORD GetLogicalDriveStringsW(DWORD,LPWSTR)”: 无法将参数 2 从“char *”转换为“LPWSTR”
  e:\c++\获取所有磁盘的所有文件\获取所有磁盘的所有文件\main.cpp(59): note: 与指向的类型无关；转换要求 reinterpret_cast、C 样式转换或函数样式转换
e:\c++\获取所有磁盘的所有文件\获取所有磁盘的所有文件\main.cpp(87): error C2664: “HANDLE FindFirstFileW(LPCWSTR,LPWIN32_FIND_DATAW)”: 无法将参数 1 从“char [1000]”转换为“LPCWSTR”
  e:\c++\获取所有磁盘的所有文件\获取所有磁盘的所有文件\main.cpp(87): note: 与指向的类型无关；转换要求 reinterpret_cast、C 样式转换或函数样式转换
e:\c++\获取所有磁盘的所有文件\获取所有磁盘的所有文件\main.cpp(108): warning C4477: “snprintf”: 格式字符串“%s”需要类型“char *”的参数，但可变参数 1 拥有了类型“WCHAR *”
  e:\c++\获取所有磁盘的所有文件\获取所有磁盘的所有文件\main.cpp(108): note: 请考虑在格式字符串中使用“%ls”
  e:\c++\获取所有磁盘的所有文件\获取所有磁盘的所有文件\main.cpp(108): note: 请考虑在格式字符串中使用“%lls”
  e:\c++\获取所有磁盘的所有文件\获取所有磁盘的所有文件\main.cpp(108): note: 请考虑在格式字符串中使用“%Ls”
  e:\c++\获取所有磁盘的所有文件\获取所有磁盘的所有文件\main.cpp(108): note: 请考虑在格式字符串中使用“%ws”
e:\c++\获取所有磁盘的所有文件\获取所有磁盘的所有文件\main.cpp(125): error C2664: “HANDLE FindFirstFileW(LPCWSTR,LPWIN32_FIND_DATAW)”: 无法将参数 1 从“char [1000]”转换为“LPCWSTR”
  e:\c++\获取所有磁盘的所有文件\获取所有磁盘的所有文件\main.cpp(125): note: 与指向的类型无关；转换要求 reinterpret_cast、C 样式转换或函数样式转换
e:\c++\获取所有磁盘的所有文件\获取所有磁盘的所有文件\main.cpp(143): warning C4477: “snprintf”: 格式字符串“%s”需要类型“char *”的参数，但可变参数 1 拥有了类型“WCHAR *”
  e:\c++\获取所有磁盘的所有文件\获取所有磁盘的所有文件\main.cpp(143): note: 请考虑在格式字符串中使用“%ls”
  e:\c++\获取所有磁盘的所有文件\获取所有磁盘的所有文件\main.cpp(143): note: 请考虑在格式字符串中使用“%lls”
  e:\c++\获取所有磁盘的所有文件\获取所有磁盘的所有文件\main.cpp(143): note: 请考虑在格式字符串中使用“%Ls”
  e:\c++\获取所有磁盘的所有文件\获取所有磁盘的所有文件\main.cpp(143): note: 请考虑在格式字符串中使用“%ws”
e:\c++\获取所有磁盘的所有文件\获取所有磁盘的所有文件\main.cpp(161): error C2664: “HANDLE FindFirstFileW(LPCWSTR,LPWIN32_FIND_DATAW)”: 无法将参数 1 从“const char *”转换为“LPCWSTR”
  e:\c++\获取所有磁盘的所有文件\获取所有磁盘的所有文件\main.cpp(161): note: 与指向的类型无关；转换要求 reinterpret_cast、C 样式转换或函数样式转换
e:\c++\获取所有磁盘的所有文件\获取所有磁盘的所有文件\main.cpp(181): error C2784: “std::_Vb_iterator<_Alloc> std::operator +(_Alloc::difference_type,std::_Vb_iterator<_Alloc>)”: 未能从“WCHAR [260]”为“std::_Vb_iterator<_Alloc>”推导 模板 参数
  c:\program files (x86)\microsoft visual studio 14.0\vc\include\vector(2310): note: 参见“std::operator +”的声明
e:\c++\获取所有磁盘的所有文件\获取所有磁盘的所有文件\main.cpp(181): error C2784: “std::_Vb_const_iterator<_Alloc> std::operator +(_Alloc::difference_type,std::_Vb_const_iterator<_Alloc>)”: 未能从“WCHAR [260]”为“std::_Vb_const_iterator<_Alloc>”推导 模板 参数
  c:\program files (x86)\microsoft visual studio 14.0\vc\include\vector(2203): note: 参见“std::operator +”的声明
e:\c++\获取所有磁盘的所有文件\获取所有磁盘的所有文件\main.cpp(181): error C2784: “std::_Vector_iterator<_Myvec> std::operator +(_Vector_iterator<_Myvec>::difference_type,std::_Vector_iterator<_Myvec>)”: 未能从“WCHAR [260]”为“std::_Vector_iterator<_Myvec>”推导 模板 参数
  c:\program files (x86)\microsoft visual studio 14.0\vc\include\vector(416): note: 参见“std::operator +”的声明
e:\c++\获取所有磁盘的所有文件\获取所有磁盘的所有文件\main.cpp(181): error C2784: “std::_Vector_const_iterator<_Myvec> std::operator +(_Vector_const_iterator<_Myvec>::difference_type,std::_Vector_const_iterator<_Myvec>)”: 未能从“WCHAR [260]”为“std::_Vector_const_iterator<_Myvec>”推导 模板 参数
  c:\program files (x86)\microsoft visual studio 14.0\vc\include\vector(285): note: 参见“std::operator +”的声明
e:\c++\获取所有磁盘的所有文件\获取所有磁盘的所有文件\main.cpp(181): error C2782: “std::basic_string<_Elem,_Traits,_Alloc> std::operator +(std::basic_string<_Elem,_Traits,_Alloc> &&,const _Elem)”: 模板 参数“_Elem”不明确
  c:\program files (x86)\microsoft visual studio 14.0\vc\include\xstring(2446): note: 参见“std::operator +”的声明
  e:\c++\获取所有磁盘的所有文件\获取所有磁盘的所有文件\main.cpp(181): note: 可能是“WCHAR *”
  e:\c++\获取所有磁盘的所有文件\获取所有磁盘的所有文件\main.cpp(181): note: 或    “char”
e:\c++\获取所有磁盘的所有文件\获取所有磁盘的所有文件\main.cpp(181): error C2784: “std::basic_string<_Elem,_Traits,_Alloc> std::operator +(std::basic_string<_Elem,_Traits,_Alloc> &&,const _Elem)”: 未能从“WCHAR [260]”为“const _Elem”推导 模板 参数
  c:\program files (x86)\microsoft visual studio 14.0\vc\include\xstring(2446): note: 参见“std::operator +”的声明
e:\c++\获取所有磁盘的所有文件\获取所有磁盘的所有文件\main.cpp(181): error C2782: “std::basic_string<_Elem,_Traits,_Alloc> std::operator +(std::basic_string<_Elem,_Traits,_Alloc> &&,const _Elem *)”: 模板 参数“_Elem”不明确
  c:\program files (x86)\microsoft visual studio 14.0\vc\include\xstring(2436): note: 参见“std::operator +”的声明
  e:\c++\获取所有磁盘的所有文件\获取所有磁盘的所有文件\main.cpp(181): note: 可能是“WCHAR”
  e:\c++\获取所有磁盘的所有文件\获取所有磁盘的所有文件\main.cpp(181): note: 或    “char”
e:\c++\获取所有磁盘的所有文件\获取所有磁盘的所有文件\main.cpp(181): error C2784: “std::basic_string<_Elem,_Traits,_Alloc> std::operator +(std::basic_string<_Elem,_Traits,_Alloc> &&,const _Elem *)”: 未能从“WCHAR [260]”为“const _Elem *”推导 模板 参数
  c:\program files (x86)\microsoft visual studio 14.0\vc\include\xstring(2436): note: 参见“std::operator +”的声明
e:\c++\获取所有磁盘的所有文件\获取所有磁盘的所有文件\main.cpp(181): error C2784: “std::basic_string<_Elem,_Traits,_Alloc> std::operator +(const _Elem,std::basic_string<_Elem,_Traits,_Alloc> &&)”: 未能从“WCHAR [260]”为“std::basic_string<_Elem,_Traits,_Alloc> &&”推导 模板 参数
  c:\program files (x86)\microsoft visual studio 14.0\vc\include\xstring(2424): note: 参见“std::operator +”的声明
e:\c++\获取所有磁盘的所有文件\获取所有磁盘的所有文件\main.cpp(181): error C2784: “std::basic_string<_Elem,_Traits,_Alloc> std::operator +(const _Elem *,std::basic_string<_Elem,_Traits,_Alloc> &&)”: 未能从“std::basic_string<char,std::char_traits<char>,std::allocator<char>>”为“const _Elem *”推导 模板 参数
  c:\program files (x86)\microsoft visual studio 14.0\vc\include\xstring(2414): note: 参见“std::operator +”的声明
e:\c++\获取所有磁盘的所有文件\获取所有磁盘的所有文件\main.cpp(181): error C2784: “std::basic_string<_Elem,_Traits,_Alloc> std::operator +(std::basic_string<_Elem,_Traits,_Alloc> &&,std::basic_string<_Elem,_Traits,_Alloc> &&)”: 未能从“WCHAR [260]”为“std::basic_string<_Elem,_Traits,_Alloc> &&”推导 模板 参数
  c:\program files (x86)\microsoft visual studio 14.0\vc\include\xstring(2400): note: 参见“std::operator +”的声明
e:\c++\获取所有磁盘的所有文件\获取所有磁盘的所有文件\main.cpp(181): error C2784: “std::basic_string<_Elem,_Traits,_Alloc> std::operator +(std::basic_string<_Elem,_Traits,_Alloc> &&,const std::basic_string<_Elem,_Traits,_Alloc> &)”: 未能从“WCHAR [260]”为“const std::basic_string<_Elem,_Traits,_Alloc> &”推导 模板 参数
  c:\program files (x86)\microsoft visual studio 14.0\vc\include\xstring(2390): note: 参见“std::operator +”的声明
e:\c++\获取所有磁盘的所有文件\获取所有磁盘的所有文件\main.cpp(181): error C2784: “std::basic_string<_Elem,_Traits,_Alloc> std::operator +(const std::basic_string<_Elem,_Traits,_Alloc> &,std::basic_string<_Elem,_Traits,_Alloc> &&)”: 未能从“WCHAR [260]”为“std::basic_string<_Elem,_Traits,_Alloc> &&”推导 模板 参数
  c:\program files (x86)\microsoft visual studio 14.0\vc\include\xstring(2380): note: 参见“std::operator +”的声明
e:\c++\获取所有磁盘的所有文件\获取所有磁盘的所有文件\main.cpp(181): error C2782: “std::basic_string<_Elem,_Traits,_Alloc> std::operator +(const std::basic_string<_Elem,_Traits,_Alloc> &,const _Elem)”: 模板 参数“_Elem”不明确
  c:\program files (x86)\microsoft visual studio 14.0\vc\include\xstring(2366): note: 参见“std::operator +”的声明
  e:\c++\获取所有磁盘的所有文件\获取所有磁盘的所有文件\main.cpp(181): note: 可能是“WCHAR *”
  e:\c++\获取所有磁盘的所有文件\获取所有磁盘的所有文件\main.cpp(181): note: 或    “char”
e:\c++\获取所有磁盘的所有文件\获取所有磁盘的所有文件\main.cpp(181): error C2784: “std::basic_string<_Elem,_Traits,_Alloc> std::operator +(const std::basic_string<_Elem,_Traits,_Alloc> &,const _Elem)”: 未能从“WCHAR [260]”为“const _Elem”推导 模板 参数
  c:\program files (x86)\microsoft visual studio 14.0\vc\include\xstring(2366): note: 参见“std::operator +”的声明
e:\c++\获取所有磁盘的所有文件\获取所有磁盘的所有文件\main.cpp(181): error C2782: “std::basic_string<_Elem,_Traits,_Alloc> std::operator +(const std::basic_string<_Elem,_Traits,_Alloc> &,const _Elem *)”: 模板 参数“_Elem”不明确
  c:\program files (x86)\microsoft visual studio 14.0\vc\include\xstring(2352): note: 参见“std::operator +”的声明
  e:\c++\获取所有磁盘的所有文件\获取所有磁盘的所有文件\main.cpp(181): note: 可能是“WCHAR”
  e:\c++\获取所有磁盘的所有文件\获取所有磁盘的所有文件\main.cpp(181): note: 或    “char”
e:\c++\获取所有磁盘的所有文件\获取所有磁盘的所有文件\main.cpp(181): error C2784: “std::basic_string<_Elem,_Traits,_Alloc> std::operator +(const std::basic_string<_Elem,_Traits,_Alloc> &,const _Elem *)”: 未能从“WCHAR [260]”为“const _Elem *”推导 模板 参数
  c:\program files (x86)\microsoft visual studio 14.0\vc\include\xstring(2352): note: 参见“std::operator +”的声明
e:\c++\获取所有磁盘的所有文件\获取所有磁盘的所有文件\main.cpp(181): error C2784: “std::basic_string<_Elem,_Traits,_Alloc> std::operator +(const _Elem,const std::basic_string<_Elem,_Traits,_Alloc> &)”: 未能从“WCHAR [260]”为“const std::basic_string<_Elem,_Traits,_Alloc> &”推导 模板 参数
  c:\program files (x86)\microsoft visual studio 14.0\vc\include\xstring(2338): note: 参见“std::operator +”的声明
e:\c++\获取所有磁盘的所有文件\获取所有磁盘的所有文件\main.cpp(181): error C2784: “std::basic_string<_Elem,_Traits,_Alloc> std::operator +(const _Elem *,const std::basic_string<_Elem,_Traits,_Alloc> &)”: 未能从“std::basic_string<char,std::char_traits<char>,std::allocator<char>>”为“const _Elem *”推导 模板 参数
  c:\program files (x86)\microsoft visual studio 14.0\vc\include\xstring(2324): note: 参见“std::operator +”的声明
e:\c++\获取所有磁盘的所有文件\获取所有磁盘的所有文件\main.cpp(181): error C2784: “std::basic_string<_Elem,_Traits,_Alloc> std::operator +(const std::basic_string<_Elem,_Traits,_Alloc> &,const std::basic_string<_Elem,_Traits,_Alloc> &)”: 未能从“WCHAR [260]”为“const std::basic_string<_Elem,_Traits,_Alloc> &”推导 模板 参数
  c:\program files (x86)\microsoft visual studio 14.0\vc\include\xstring(2310): note: 参见“std::operator +”的声明
e:\c++\获取所有磁盘的所有文件\获取所有磁盘的所有文件\main.cpp(181): error C2784: “std::_String_iterator<_Mystr> std::operator +(_String_iterator<_Mystr>::difference_type,std::_String_iterator<_Mystr>)”: 未能从“WCHAR [260]”为“std::_String_iterator<_Mystr>”推导 模板 参数
  c:\program files (x86)\microsoft visual studio 14.0\vc\include\xstring(425): note: 参见“std::operator +”的声明
e:\c++\获取所有磁盘的所有文件\获取所有磁盘的所有文件\main.cpp(181): error C2784: “std::_String_const_iterator<_Mystr> std::operator +(_String_const_iterator<_Mystr>::difference_type,std::_String_const_iterator<_Mystr>)”: 未能从“WCHAR [260]”为“std::_String_const_iterator<_Mystr>”推导 模板 参数
  c:\program files (x86)\microsoft visual studio 14.0\vc\include\xstring(293): note: 参见“std::operator +”的声明
e:\c++\获取所有磁盘的所有文件\获取所有磁盘的所有文件\main.cpp(181): error C2784: “std::move_iterator<_RanIt> std::operator +(_Diff,const std::move_iterator<_RanIt> &)”: 未能从“WCHAR [260]”为“const std::move_iterator<_RanIt> &”推导 模板 参数
  c:\program files (x86)\microsoft visual studio 14.0\vc\include\xutility(2195): note: 参见“std::operator +”的声明
e:\c++\获取所有磁盘的所有文件\获取所有磁盘的所有文件\main.cpp(181): error C2784: “std::_Array_iterator<_Ty,_Size> std::operator +(_Array_iterator<_Ty,_Size>::difference_type,std::_Array_iterator<_Ty,_Size>)”: 未能从“WCHAR [260]”为“std::_Array_iterator<_Ty,_Size>”推导 模板 参数
  c:\program files (x86)\microsoft visual studio 14.0\vc\include\xutility(2046): note: 参见“std::operator +”的声明
e:\c++\获取所有磁盘的所有文件\获取所有磁盘的所有文件\main.cpp(181): error C2784: “std::_Array_const_iterator<_Ty,_Size> std::operator +(_Array_const_iterator<_Ty,_Size>::difference_type,std::_Array_const_iterator<_Ty,_Size>)”: 未能从“WCHAR [260]”为“std::_Array_const_iterator<_Ty,_Size>”推导 模板 参数
  c:\program files (x86)\microsoft visual studio 14.0\vc\include\xutility(1910): note: 参见“std::operator +”的声明
e:\c++\获取所有磁盘的所有文件\获取所有磁盘的所有文件\main.cpp(181): error C2784: “std::reverse_iterator<_RanIt> std::operator +(reverse_iterator<_RanIt>::difference_type,const std::reverse_iterator<_RanIt> &)”: 未能从“WCHAR [260]”为“const std::reverse_iterator<_RanIt> &”推导 模板 参数
  c:\program files (x86)\microsoft visual studio 14.0\vc\include\xutility(1280): note: 参见“std::operator +”的声明
e:\c++\获取所有磁盘的所有文件\获取所有磁盘的所有文件\main.cpp(181): error C2676: 二进制“+”:“std::basic_string<char,std::char_traits<char>,std::allocator<char>>”不定义该运算符或到预定义运算符可接收的类型的转换
e:\c++\获取所有磁盘的所有文件\获取所有磁盘的所有文件\main.cpp(187): error C2784: “std::_Vb_iterator<_Alloc> std::operator +(_Alloc::difference_type,std::_Vb_iterator<_Alloc>)”: 未能从“WCHAR [260]”为“std::_Vb_iterator<_Alloc>”推导 模板 参数
  c:\program files (x86)\microsoft visual studio 14.0\vc\include\vector(2310): note: 参见“std::operator +”的声明
e:\c++\获取所有磁盘的所有文件\获取所有磁盘的所有文件\main.cpp(187): error C2784: “std::_Vb_const_iterator<_Alloc> std::operator +(_Alloc::difference_type,std::_Vb_const_iterator<_Alloc>)”: 未能从“WCHAR [260]”为“std::_Vb_const_iterator<_Alloc>”推导 模板 参数
  c:\program files (x86)\microsoft visual studio 14.0\vc\include\vector(2203): note: 参见“std::operator +”的声明
e:\c++\获取所有磁盘的所有文件\获取所有磁盘的所有文件\main.cpp(187): error C2784: “std::_Vector_iterator<_Myvec> std::operator +(_Vector_iterator<_Myvec>::difference_type,std::_Vector_iterator<_Myvec>)”: 未能从“WCHAR [260]”为“std::_Vector_iterator<_Myvec>”推导 模板 参数
  c:\program files (x86)\microsoft visual studio 14.0\vc\include\vector(416): note: 参见“std::operator +”的声明
e:\c++\获取所有磁盘的所有文件\获取所有磁盘的所有文件\main.cpp(187): error C2784: “std::_Vector_const_iterator<_Myvec> std::operator +(_Vector_const_iterator<_Myvec>::difference_type,std::_Vector_const_iterator<_Myvec>)”: 未能从“WCHAR [260]”为“std::_Vector_const_iterator<_Myvec>”推导 模板 参数
  c:\program files (x86)\microsoft visual studio 14.0\vc\include\vector(285): note: 参见“std::operator +”的声明
e:\c++\获取所有磁盘的所有文件\获取所有磁盘的所有文件\main.cpp(187): error C2782: “std::basic_string<_Elem,_Traits,_Alloc> std::operator +(std::basic_string<_Elem,_Traits,_Alloc> &&,const _Elem)”: 模板 参数“_Elem”不明确
  c:\program files (x86)\microsoft visual studio 14.0\vc\include\xstring(2446): note: 参见“std::operator +”的声明
  e:\c++\获取所有磁盘的所有文件\获取所有磁盘的所有文件\main.cpp(187): note: 可能是“WCHAR *”
  e:\c++\获取所有磁盘的所有文件\获取所有磁盘的所有文件\main.cpp(187): note: 或    “char”
e:\c++\获取所有磁盘的所有文件\获取所有磁盘的所有文件\main.cpp(187): error C2784: “std::basic_string<_Elem,_Traits,_Alloc> std::operator +(std::basic_string<_Elem,_Traits,_Alloc> &&,const _Elem)”: 未能从“WCHAR [260]”为“const _Elem”推导 模板 参数
  c:\program files (x86)\microsoft visual studio 14.0\vc\include\xstring(2446): note: 参见“std::operator +”的声明
e:\c++\获取所有磁盘的所有文件\获取所有磁盘的所有文件\main.cpp(187): error C2782: “std::basic_string<_Elem,_Traits,_Alloc> std::operator +(std::basic_string<_Elem,_Traits,_Alloc> &&,const _Elem *)”: 模板 参数“_Elem”不明确
  c:\program files (x86)\microsoft visual studio 14.0\vc\include\xstring(2436): note: 参见“std::operator +”的声明
  e:\c++\获取所有磁盘的所有文件\获取所有磁盘的所有文件\main.cpp(187): note: 可能是“WCHAR”
  e:\c++\获取所有磁盘的所有文件\获取所有磁盘的所有文件\main.cpp(187): note: 或    “char”
e:\c++\获取所有磁盘的所有文件\获取所有磁盘的所有文件\main.cpp(187): error C2784: “std::basic_string<_Elem,_Traits,_Alloc> std::operator +(std::basic_string<_Elem,_Traits,_Alloc> &&,const _Elem *)”: 未能从“WCHAR [260]”为“const _Elem *”推导 模板 参数
  c:\program files (x86)\microsoft visual studio 14.0\vc\include\xstring(2436): note: 参见“std::operator +”的声明
e:\c++\获取所有磁盘的所有文件\获取所有磁盘的所有文件\main.cpp(187): error C2784: “std::basic_string<_Elem,_Traits,_Alloc> std::operator +(const _Elem,std::basic_string<_Elem,_Traits,_Alloc> &&)”: 未能从“WCHAR [260]”为“std::basic_string<_Elem,_Traits,_Alloc> &&”推导 模板 参数
  c:\program files (x86)\microsoft visual studio 14.0\vc\include\xstring(2424): note: 参见“std::operator +”的声明
e:\c++\获取所有磁盘的所有文件\获取所有磁盘的所有文件\main.cpp(187): error C2784: “std::basic_string<_Elem,_Traits,_Alloc> std::operator +(const _Elem *,std::basic_string<_Elem,_Traits,_Alloc> &&)”: 未能从“std::basic_string<char,std::char_traits<char>,std::allocator<char>>”为“const _Elem *”推导 模板 参数
  c:\program files (x86)\microsoft visual studio 14.0\vc\include\xstring(2414): note: 参见“std::operator +”的声明
e:\c++\获取所有磁盘的所有文件\获取所有磁盘的所有文件\main.cpp(187): error C2784: “std::basic_string<_Elem,_Traits,_Alloc> std::operator +(std::basic_string<_Elem,_Traits,_Alloc> &&,std::basic_string<_Elem,_Traits,_Alloc> &&)”: 未能从“WCHAR [260]”为“std::basic_string<_Elem,_Traits,_Alloc> &&”推导 模板 参数
  c:\program files (x86)\microsoft visual studio 14.0\vc\include\xstring(2400): note: 参见“std::operator +”的声明
e:\c++\获取所有磁盘的所有文件\获取所有磁盘的所有文件\main.cpp(187): error C2784: “std::basic_string<_Elem,_Traits,_Alloc> std::operator +(std::basic_string<_Elem,_Traits,_Alloc> &&,const std::basic_string<_Elem,_Traits,_Alloc> &)”: 未能从“WCHAR [260]”为“const std::basic_string<_Elem,_Traits,_Alloc> &”推导 模板 参数
  c:\program files (x86)\microsoft visual studio 14.0\vc\include\xstring(2390): note: 参见“std::operator +”的声明
e:\c++\获取所有磁盘的所有文件\获取所有磁盘的所有文件\main.cpp(187): error C2784: “std::basic_string<_Elem,_Traits,_Alloc> std::operator +(const std::basic_string<_Elem,_Traits,_Alloc> &,std::basic_string<_Elem,_Traits,_Alloc> &&)”: 未能从“WCHAR [260]”为“std::basic_string<_Elem,_Traits,_Alloc> &&”推导 模板 参数
  c:\program files (x86)\microsoft visual studio 14.0\vc\include\xstring(2380): note: 参见“std::operator +”的声明
e:\c++\获取所有磁盘的所有文件\获取所有磁盘的所有文件\main.cpp(187): error C2782: “std::basic_string<_Elem,_Traits,_Alloc> std::operator +(const std::basic_string<_Elem,_Traits,_Alloc> &,const _Elem)”: 模板 参数“_Elem”不明确
  c:\program files (x86)\microsoft visual studio 14.0\vc\include\xstring(2366): note: 参见“std::operator +”的声明
  e:\c++\获取所有磁盘的所有文件\获取所有磁盘的所有文件\main.cpp(187): note: 可能是“WCHAR *”
  e:\c++\获取所有磁盘的所有文件\获取所有磁盘的所有文件\main.cpp(187): note: 或    “char”
e:\c++\获取所有磁盘的所有文件\获取所有磁盘的所有文件\main.cpp(187): error C2784: “std::basic_string<_Elem,_Traits,_Alloc> std::operator +(const std::basic_string<_Elem,_Traits,_Alloc> &,const _Elem)”: 未能从“WCHAR [260]”为“const _Elem”推导 模板 参数
  c:\program files (x86)\microsoft visual studio 14.0\vc\include\xstring(2366): note: 参见“std::operator +”的声明
e:\c++\获取所有磁盘的所有文件\获取所有磁盘的所有文件\main.cpp(187): error C2782: “std::basic_string<_Elem,_Traits,_Alloc> std::operator +(const std::basic_string<_Elem,_Traits,_Alloc> &,const _Elem *)”: 模板 参数“_Elem”不明确
  c:\program files (x86)\microsoft visual studio 14.0\vc\include\xstring(2352): note: 参见“std::operator +”的声明
  e:\c++\获取所有磁盘的所有文件\获取所有磁盘的所有文件\main.cpp(187): note: 可能是“WCHAR”
  e:\c++\获取所有磁盘的所有文件\获取所有磁盘的所有文件\main.cpp(187): note: 或    “char”
e:\c++\获取所有磁盘的所有文件\获取所有磁盘的所有文件\main.cpp(187): error C2784: “std::basic_string<_Elem,_Traits,_Alloc> std::operator +(const std::basic_string<_Elem,_Traits,_Alloc> &,const _Elem *)”: 未能从“WCHAR [260]”为“const _Elem *”推导 模板 参数
  c:\program files (x86)\microsoft visual studio 14.0\vc\include\xstring(2352): note: 参见“std::operator +”的声明
e:\c++\获取所有磁盘的所有文件\获取所有磁盘的所有文件\main.cpp(187): error C2784: “std::basic_string<_Elem,_Traits,_Alloc> std::operator +(const _Elem,const std::basic_string<_Elem,_Traits,_Alloc> &)”: 未能从“WCHAR [260]”为“const std::basic_string<_Elem,_Traits,_Alloc> &”推导 模板 参数
  c:\program files (x86)\microsoft visual studio 14.0\vc\include\xstring(2338): note: 参见“std::operator +”的声明
e:\c++\获取所有磁盘的所有文件\获取所有磁盘的所有文件\main.cpp(187): error C2784: “std::basic_string<_Elem,_Traits,_Alloc> std::operator +(const _Elem *,const std::basic_string<_Elem,_Traits,_Alloc> &)”: 未能从“std::basic_string<char,std::char_traits<char>,std::allocator<char>>”为“const _Elem *”推导 模板 参数
  c:\program files (x86)\microsoft visual studio 14.0\vc\include\xstring(2324): note: 参见“std::operator +”的声明
e:\c++\获取所有磁盘的所有文件\获取所有磁盘的所有文件\main.cpp(187): error C2784: “std::basic_string<_Elem,_Traits,_Alloc> std::operator +(const std::basic_string<_Elem,_Traits,_Alloc> &,const std::basic_string<_Elem,_Traits,_Alloc> &)”: 未能从“WCHAR [260]”为“const std::basic_string<_Elem,_Traits,_Alloc> &”推导 模板 参数
  c:\program files (x86)\microsoft visual studio 14.0\vc\include\xstring(2310): note: 参见“std::operator +”的声明
e:\c++\获取所有磁盘的所有文件\获取所有磁盘的所有文件\main.cpp(187): error C2784: “std::_String_iterator<_Mystr> std::operator +(_String_iterator<_Mystr>::difference_type,std::_String_iterator<_Mystr>)”: 未能从“WCHAR [260]”为“std::_String_iterator<_Mystr>”推导 模板 参数
  c:\program files (x86)\microsoft visual studio 14.0\vc\include\xstring(425): note: 参见“std::operator +”的声明
e:\c++\获取所有磁盘的所有文件\获取所有磁盘的所有文件\main.cpp(187): error C2784: “std::_String_const_iterator<_Mystr> std::operator +(_String_const_iterator<_Mystr>::difference_type,std::_String_const_iterator<_Mystr>)”: 未能从“WCHAR [260]”为“std::_String_const_iterator<_Mystr>”推导 模板 参数
  c:\program files (x86)\microsoft visual studio 14.0\vc\include\xstring(293): note: 参见“std::operator +”的声明
e:\c++\获取所有磁盘的所有文件\获取所有磁盘的所有文件\main.cpp(187): error C2784: “std::move_iterator<_RanIt> std::operator +(_Diff,const std::move_iterator<_RanIt> &)”: 未能从“WCHAR [260]”为“const std::move_iterator<_RanIt> &”推导 模板 参数
  c:\program files (x86)\microsoft visual studio 14.0\vc\include\xutility(2195): note: 参见“std::operator +”的声明
e:\c++\获取所有磁盘的所有文件\获取所有磁盘的所有文件\main.cpp(187): error C2784: “std::_Array_iterator<_Ty,_Size> std::operator +(_Array_iterator<_Ty,_Size>::difference_type,std::_Array_iterator<_Ty,_Size>)”: 未能从“WCHAR [260]”为“std::_Array_iterator<_Ty,_Size>”推导 模板 参数
  c:\program files (x86)\microsoft visual studio 14.0\vc\include\xutility(2046): note: 参见“std::operator +”的声明
e:\c++\获取所有磁盘的所有文件\获取所有磁盘的所有文件\main.cpp(187): error C2784: “std::_Array_const_iterator<_Ty,_Size> std::operator +(_Array_const_iterator<_Ty,_Size>::difference_type,std::_Array_const_iterator<_Ty,_Size>)”: 未能从“WCHAR [260]”为“std::_Array_const_iterator<_Ty,_Size>”推导 模板 参数
  c:\program files (x86)\microsoft visual studio 14.0\vc\include\xutility(1910): note: 参见“std::operator +”的声明
e:\c++\获取所有磁盘的所有文件\获取所有磁盘的所有文件\main.cpp(187): error C2784: “std::reverse_iterator<_RanIt> std::operator +(reverse_iterator<_RanIt>::difference_type,const std::reverse_iterator<_RanIt> &)”: 未能从“WCHAR [260]”为“const std::reverse_iterator<_RanIt> &”推导 模板 参数
  c:\program files (x86)\microsoft visual studio 14.0\vc\include\xutility(1280): note: 参见“std::operator +”的声明
e:\c++\获取所有磁盘的所有文件\获取所有磁盘的所有文件\main.cpp(187): error C2676: 二进制“+”:“std::basic_string<char,std::char_traits<char>,std::allocator<char>>”不定义该运算符或到预定义运算符可接收的类型的转换
